<?xml version="1.0" encoding="UTF-8"?>
<!-- Generated by org.testng.reporters.JUnitXMLReporter -->
<testsuite ignored="1" hostname="DESKTOP-MQ4T22V" failures="1" tests="1" name="Test" time="24.997" errors="0" timestamp="2025-12-26T12:20:53 IST">
  <testcase classname="com.store.testcases.TC_MyAccountPageTest" name="verifyLoginDetails" time="3.218">
    <failure type="java.lang.AssertionError" message="expected [true] but found [false]">
      <![CDATA[java.lang.AssertionError: expected [true] but found [false]
at com.store.testcases.TC_MyAccountPageTest.verifyLoginDetails(TC_MyAccountPageTest.java:69)
at java.base/java.util.ArrayList.forEach(ArrayList.java:1511)
... Removed 31 stack frames]]>
    </failure>
  </testcase> <!-- verifyLoginDetails -->
  <testcase classname="com.store.testcases.TC_MyAccountPageTest" name="verifyRegAndLogin" time="0.0">
    <ignored/>
  </testcase> <!-- verifyRegAndLogin -->
</testsuite> <!-- Test -->
