<?xml version="1.0" encoding="UTF-8"?>
<!-- Generated by org.testng.reporters.JUnitXMLReporter -->
<testsuite ignored="1" hostname="DESKTOP-MQ4T22V" failures="0" tests="1" name="Test" time="24.049" errors="0" timestamp="2025-12-27T11:39:56 IST">
  <testcase classname="com.store.testcases.TC_MyAccountPageTest" name="verifyLoginDetails" time="2.875"/>
  <testcase classname="com.store.testcases.TC_MyAccountPageTest" name="verifyRegAndLogin" time="0.0">
    <ignored/>
  </testcase> <!-- verifyRegAndLogin -->
</testsuite> <!-- Test -->
