<?xml version="1.0" encoding="UTF-8"?>
<testng-results ignored="0" total="1" passed="1" failed="0" skipped="0">
  <reporter-output>
  </reporter-output>
  <suite started-at="2025-12-27T11:39:32 IST" name="Suite" finished-at="2025-12-27T11:39:56 IST" duration-ms="24049">
    <groups>
    </groups>
    <test started-at="2025-12-27T11:39:32 IST" name="Test" finished-at="2025-12-27T11:39:56 IST" duration-ms="24049">
      <class name="com.store.testcases.TC_MyAccountPageTest">
        <test-method is-config="true" signature="setUp()[pri:0, instance:com.store.testcases.TC_MyAccountPageTest@4f6ee6e4]" started-at="2025-12-27T11:39:32 IST" name="setUp" finished-at="2025-12-27T11:39:51 IST" duration-ms="18450" status="PASS">
          <reporter-output>
          </reporter-output>
        </test-method> <!-- setUp -->
        <test-method signature="verifyLoginDetails()[pri:0, instance:com.store.testcases.TC_MyAccountPageTest@4f6ee6e4]" started-at="2025-12-27T11:39:51 IST" name="verifyLoginDetails" finished-at="2025-12-27T11:39:53 IST" duration-ms="2875" status="PASS">
          <reporter-output>
          </reporter-output>
        </test-method> <!-- verifyLoginDetails -->
        <test-method is-config="true" signature="tearDown()[pri:0, instance:com.store.testcases.TC_MyAccountPageTest@4f6ee6e4]" started-at="2025-12-27T11:39:54 IST" name="tearDown" finished-at="2025-12-27T11:39:56 IST" duration-ms="2034" status="PASS">
          <reporter-output>
          </reporter-output>
        </test-method> <!-- tearDown -->
      </class> <!-- com.store.testcases.TC_MyAccountPageTest -->
    </test> <!-- Test -->
  </suite> <!-- Suite -->
</testng-results>
