<?xml version="1.0" encoding="UTF-8"?>
<testng-results ignored="0" total="1" passed="1" failed="0" skipped="0">
  <reporter-output>
  </reporter-output>
  <suite started-at="2025-12-27T14:42:42 IST" name="Suite" finished-at="2025-12-27T14:42:58 IST" duration-ms="15980">
    <groups>
    </groups>
    <test started-at="2025-12-27T14:42:42 IST" name="Test" finished-at="2025-12-27T14:42:58 IST" duration-ms="15980">
      <class name="com.store.testcases.TC_MyAccountPageTest">
        <test-method is-config="true" signature="setUp()[pri:0, instance:com.store.testcases.TC_MyAccountPageTest@4c402120]" started-at="2025-12-27T14:42:42 IST" name="setUp" finished-at="2025-12-27T14:42:53 IST" duration-ms="11408" status="PASS">
          <reporter-output>
          </reporter-output>
        </test-method> <!-- setUp -->
        <test-method signature="verifyLoginDetails()[pri:0, instance:com.store.testcases.TC_MyAccountPageTest@4c402120]" started-at="2025-12-27T14:42:53 IST" name="verifyLoginDetails" finished-at="2025-12-27T14:42:56 IST" duration-ms="2289" status="PASS">
          <reporter-output>
          </reporter-output>
        </test-method> <!-- verifyLoginDetails -->
        <test-method is-config="true" signature="tearDown()[pri:0, instance:com.store.testcases.TC_MyAccountPageTest@4c402120]" started-at="2025-12-27T14:42:56 IST" name="tearDown" finished-at="2025-12-27T14:42:57 IST" duration-ms="1692" status="PASS">
          <reporter-output>
          </reporter-output>
        </test-method> <!-- tearDown -->
      </class> <!-- com.store.testcases.TC_MyAccountPageTest -->
    </test> <!-- Test -->
  </suite> <!-- Suite -->
</testng-results>
