<?xml version="1.0" encoding="UTF-8"?>
<!-- Generated by org.testng.reporters.JUnitReportReporter -->
<testsuite hostname="DESKTOP-MQ4T22V" failures="0" tests="2" name="com.store.testcases.TC_MyAccountPageTest" time="2.875" errors="0" timestamp="2025-12-27T11:39:56 IST" skipped="1">
  <testcase classname="com.store.testcases.TC_MyAccountPageTest" name="verifyLoginDetails" time="2.875"/>
  <testcase classname="com.store.testcases.TC_MyAccountPageTest" name="verifyRegAndLogin">
    <skipped/>
  </testcase> <!-- verifyRegAndLogin -->
</testsuite> <!-- com.store.testcases.TC_MyAccountPageTest -->
